Sport: Basketball
Event: UCF VS CINCINNATI
Location: UCF
Date: 1/11/26
NameWP1: KIPP KISSINGER
NameWP2: BROOKS WELLS
NameWP3: JEFFREY ANDERSON
NameWP4: 
TimeKeeper: RASHUN GARNER
-------START-------
WP 1:56 JEFFREY ANDERSON Start
WP 1:41 JEFFREY ANDERSON Start
WP 1:40 JEFFREY ANDERSON Stop
WP 1:40 JEFFREY ANDERSON Start
WP 1:18 KIPP KISSINGER Stop
WP 1:18 KIPP KISSINGER Start
WP 1:18 KIPP KISSINGER Stop
WP 1:18 KIPP KISSINGER Start
WP 1:14 KIPP KISSINGER Stop
WP 1:14 KIPP KISSINGER Start
AP 1:12 RASHUN GARNER Stop
WP 0:11.0 BROOKS WELLS Start
AP 0:04.9 RASHUN GARNER Stop
WP 0:04.9 BROOKS WELLS Start
WP 0:01.6 BROOKS WELLS Stop
WP 0:01.6 BROOKS WELLS Start
WP 0:01.2 BROOKS WELLS Stop
WP 0:01.2 BROOKS WELLS Start
WP 17:57 JEFFREY ANDERSON Stop
WP 17:57 JEFFREY ANDERSON Stop
WP 17:57 JEFFREY ANDERSON Start
WP 16:57 BROOKS WELLS Stop
WP 16:57 BROOKS WELLS Start
WP 14:21 KIPP KISSINGER Stop
WP 20:00 BROOKS WELLS Stop
WP 20:00 KIPP KISSINGER Stop
WP 20:00 JEFFREY ANDERSON Start
WP 19:28 KIPP KISSINGER Start
WP 18:06 BROOKS WELLS Start
WP 17:46 KIPP KISSINGER Stop
WP 17:46 JEFFREY ANDERSON Start
WP 16:23 JEFFREY ANDERSON Start
WP 15:36 BROOKS WELLS Stop
WP 14:52 BROOKS WELLS Stop
WP 14:52 JEFFREY ANDERSON Start
WP 14:16 JEFFREY ANDERSON Stop
WP 13:00 BROOKS WELLS Stop
WP 12:39 BROOKS WELLS Start
WP 11:49 JEFFREY ANDERSON Stop
WP 11:49 JEFFREY ANDERSON Start
WP 11:33 BROOKS WELLS Stop
WP 10:42 KIPP KISSINGER Stop
WP 9:46 BROOKS WELLS Stop
WP 9:46 BROOKS WELLS Start
WP 9:35 BROOKS WELLS Stop
WP 9:35 JEFFREY ANDERSON Start
WP 9:12 BROOKS WELLS Stop
WP 9:12 BROOKS WELLS Start
WP 9:06 BROOKS WELLS Stop
WP 9:06 KIPP KISSINGER Start
WP 8:56 BROOKS WELLS Stop
WP 8:34 BROOKS WELLS Stop
WP 8:07 JEFFREY ANDERSON Stop
WP 7:37 KIPP KISSINGER Stop
WP 7:37 BROOKS WELLS Start
WP 5:46 JEFFREY ANDERSON Stop
WP 5:46 BROOKS WELLS Start
WP 5:25 JEFFREY ANDERSON Stop
WP 5:12 JEFFREY ANDERSON Stop
WP 0:27.3 BROOKS WELLS Stop
WP 0:27.2 JEFFREY ANDERSON Start
WP 15:00 BROOKS WELLS Start
WP 20:00 JEFFREY ANDERSON Stop
WP 19:47 JEFFREY ANDERSON Stop
WP 19:47 BROOKS WELLS Start
WP 19:11 JEFFREY ANDERSON Stop
WP 19:11 BROOKS WELLS Start
WP 18:36 JEFFREY ANDERSON Stop
WP 18:24 BROOKS WELLS Stop
WP 16:34 JEFFREY ANDERSON Stop
WP 15:51 BROOKS WELLS Stop
WP 15:34 BROOKS WELLS Stop
WP 15:19 BROOKS WELLS Stop
WP 13:57 JEFFREY ANDERSON Stop
WP 13:57 BROOKS WELLS Start
WP 12:32 JEFFREY ANDERSON Stop
WP 11:50 JEFFREY ANDERSON Stop
WP 11:31 BROOKS WELLS Stop
WP 10:16 BROOKS WELLS Stop
WP 9:30 JEFFREY ANDERSON Stop
WP 9:30 JEFFREY ANDERSON Start
WP 8:02 BROOKS WELLS Start
WP 6:14 JEFFREY ANDERSON Start
WP 6:02 JEFFREY ANDERSON Stop
WP 6:02 BROOKS WELLS Stop
WP 5:16 BROOKS WELLS Stop
WP 5:16 JEFFREY ANDERSON Start
WP 4:56 JEFFREY ANDERSON Stop
WP 4:33 JEFFREY ANDERSON Stop
WP 4:33 JEFFREY ANDERSON Start
WP 3:08 JEFFREY ANDERSON Stop
WP 3:08 JEFFREY ANDERSON Start
WP 1:30 JEFFREY ANDERSON Stop
WP 0:45.2 JEFFREY ANDERSON Stop
WP 0:30.0 JEFFREY ANDERSON Start
WP 0:11.5 JEFFREY ANDERSON Stop
WP 0:11.8 JEFFREY ANDERSON Start
--------END--------
