Sport: Basketball
Event: ASU VS OREGON ST MBB
Location: DFA
Date: 12/21/25
NameWP1: TONY PADILLA
NameWP2: MARQUES PETTIGREW
NameWP3: RANDY MCCALL
NameWP4: TIMEKEEP
TimeKeeper: JOHN KOESTNER
-------START-------
AP 59:49 JOHN KOESTNER Start
AP 59:42 JOHN KOESTNER Start
WP 18:39 MARQUES PETTIGREW Start
WP 13:48 RANDY MCCALL Stop
WP 13:48 RANDY MCCALL Start
WP 12:35 TONY PADILLA Stop
WP 12:35 TONY PADILLA Start
WP 19:59 MARQUES PETTIGREW Start
WP 18:40 TONY PADILLA Stop
WP 18:40 MARQUES PETTIGREW Start
WP 18:21 MARQUES PETTIGREW Stop
WP 18:21 MARQUES PETTIGREW Start
WP 17:22 TONY PADILLA Stop
WP 17:21 MARQUES PETTIGREW Start
WP 17:13 RANDY MCCALL Stop
WP 17:03 TONY PADILLA Stop
WP 17:03 MARQUES PETTIGREW Start
WP 16:53 MARQUES PETTIGREW Stop
WP 16:53 MARQUES PETTIGREW Start
WP 16:53 TONY PADILLA Start
WP 14:44 RANDY MCCALL Stop
WP 14:44 RANDY MCCALL Start
WP 14:16 RANDY MCCALL Stop
WP 14:16 MARQUES PETTIGREW Start
WP 14:11 TONY PADILLA Stop
WP 14:11 TONY PADILLA Start
WP 13:43 RANDY MCCALL Stop
WP 13:43 MARQUES PETTIGREW Start
WP 13:43 MARQUES PETTIGREW Start
WP 13:12 RANDY MCCALL Stop
WP 13:12 TONY PADILLA Start
WP 13:11 RANDY MCCALL Stop
WP 13:11 RANDY MCCALL Start
WP 13:06 RANDY MCCALL Stop
WP 13:06 MARQUES PETTIGREW Start
WP 12:23 MARQUES PETTIGREW Stop
WP 12:23 MARQUES PETTIGREW Start
WP 11:47 RANDY MCCALL Start
WP 11:46 TONY PADILLA Start
WP 10:48 MARQUES PETTIGREW Stop
WP 10:48 MARQUES PETTIGREW Start
WP 10:03 MARQUES PETTIGREW Stop
WP 10:03 TONY PADILLA Start
WP 8:54 MARQUES PETTIGREW Stop
WP 8:54 TONY PADILLA Start
WP 8:25 MARQUES PETTIGREW Stop
WP 8:24 RANDY MCCALL Start
WP 7:47 MARQUES PETTIGREW Stop
WP 7:46 MARQUES PETTIGREW Start
WP 7:46 TONY PADILLA Start
WP 7:38 RANDY MCCALL Stop
WP 7:38 RANDY MCCALL Start
WP 7:20 TONY PADILLA Stop
WP 7:20 MARQUES PETTIGREW Start
WP 6:47 MARQUES PETTIGREW Start
WP 5:33 RANDY MCCALL Stop
WP 3:16 TONY PADILLA Stop
WP 3:15 MARQUES PETTIGREW Start
WP 3:03 RANDY MCCALL Stop
WP 3:03 MARQUES PETTIGREW Start
WP 2:49 RANDY MCCALL Stop
WP 2:04 MARQUES PETTIGREW Stop
WP 2:04 TONY PADILLA Start
WP 1:35 TONY PADILLA Stop
WP 1:34 MARQUES PETTIGREW Start
WP 1:23 TONY PADILLA Start
WP 0:55.3 TONY PADILLA Start
WP 0:38.1 TONY PADILLA Start
WP 0:09.6 MARQUES PETTIGREW Stop
WP 0:09.6 TONY PADILLA Start
WP 14:56 RANDY MCCALL Stop
WP 19:40 RANDY MCCALL Start
WP 17:26 MARQUES PETTIGREW Stop
WP 17:20 MARQUES PETTIGREW Start
WP 16:56 MARQUES PETTIGREW Stop
WP 16:56 MARQUES PETTIGREW Start
WP 16:18 RANDY MCCALL Start
WP 13:41 MARQUES PETTIGREW Start
WP 13:10 RANDY MCCALL Stop
WP 13:10 MARQUES PETTIGREW Start
WP 12:28 MARQUES PETTIGREW Start
WP 12:24 MARQUES PETTIGREW Start
WP 11:49 RANDY MCCALL Stop
WP 11:45 MARQUES PETTIGREW Stop
WP 11:45 MARQUES PETTIGREW Start
WP 10:45 RANDY MCCALL Stop
WP 10:45 MARQUES PETTIGREW Start
WP 10:07 MARQUES PETTIGREW Start
WP 9:41 MARQUES PETTIGREW Start
WP 8:22 MARQUES PETTIGREW Start
WP 6:48 RANDY MCCALL Start
WP 6:33 MARQUES PETTIGREW Stop
WP 6:33 MARQUES PETTIGREW Start
WP 5:47 MARQUES PETTIGREW Stop
WP 5:47 MARQUES PETTIGREW Start
WP 5:27 MARQUES PETTIGREW Start
WP 5:01 MARQUES PETTIGREW Stop
WP 5:01 RANDY MCCALL Start
WP 5:00 RANDY MCCALL Stop
WP 5:00 MARQUES PETTIGREW Start
WP 4:31 MARQUES PETTIGREW Stop
WP 2:47 RANDY MCCALL Stop
WP 2:47 MARQUES PETTIGREW Start
WP 2:27 RANDY MCCALL Stop
WP 2:26 MARQUES PETTIGREW Start
WP 1:30 RANDY MCCALL Stop
WP 1:30 MARQUES PETTIGREW Start
WP 0:06.9 MARQUES PETTIGREW Stop
WP 0:06.9 RANDY MCCALL Start
--------END--------
